[0.068s] DEBUG:colcon:Command line arguments: ['/usr/bin/colcon', 'build', '--packages-select', 'video_subscriber']
[0.068s] DEBUG:colcon:Parsed command line arguments: Namespace(log_base=None, log_level=None, verb_name='build', build_base='build', install_base='install', merge_install=False, symlink_install=False, test_result_base=None, continue_on_error=False, executor='parallel', parallel_workers=20, event_handlers=None, ignore_user_meta=False, metas=['./colcon.meta'], base_paths=['.'], packages_ignore=None, packages_ignore_regex=None, paths=None, packages_up_to=None, packages_up_to_regex=None, packages_above=None, packages_above_and_dependencies=None, packages_above_depth=None, packages_select_by_dep=None, packages_skip_by_dep=None, packages_skip_up_to=None, packages_select_build_failed=False, packages_skip_build_finished=False, packages_select_test_failures=False, packages_skip_test_passed=False, packages_select=['video_subscriber'], packages_skip=None, packages_select_regex=None, packages_skip_regex=None, packages_start=None, packages_end=None, allow_overriding=[], cmake_args=None, cmake_target=None, cmake_target_skip_unavailable=False, cmake_clean_cache=False, cmake_clean_first=False, cmake_force_configure=False, ament_cmake_args=None, catkin_cmake_args=None, catkin_skip_building_tests=False, verb_parser=<colcon_defaults.argument_parser.defaults.DefaultArgumentsDecorator object at 0x7cc04d51bbe0>, verb_extension=<colcon_core.verb.build.BuildVerb object at 0x7cc04d6cd240>, main=<bound method BuildVerb.main of <colcon_core.verb.build.BuildVerb object at 0x7cc04d6cd240>>)
[0.172s] Level 1:colcon.colcon_core.package_discovery:discover_packages(colcon_meta) check parameters
[0.173s] Level 1:colcon.colcon_core.package_discovery:discover_packages(recursive) check parameters
[0.173s] Level 1:colcon.colcon_core.package_discovery:discover_packages(ignore) check parameters
[0.173s] Level 1:colcon.colcon_core.package_discovery:discover_packages(path) check parameters
[0.173s] Level 1:colcon.colcon_core.package_discovery:discover_packages(colcon_meta) discover
[0.173s] Level 1:colcon.colcon_core.package_discovery:discover_packages(recursive) discover
[0.173s] INFO:colcon.colcon_core.package_discovery:Crawling recursively for packages in '/home/cw/opencv_learning/ArmorDetector_ros2'
[0.173s] Level 1:colcon.colcon_core.package_identification:_identify(.) by extensions ['ignore', 'ignore_ament_install']
[0.173s] Level 1:colcon.colcon_core.package_identification:_identify(.) by extension 'ignore'
[0.173s] Level 1:colcon.colcon_core.package_identification:_identify(.) by extension 'ignore_ament_install'
[0.173s] Level 1:colcon.colcon_core.package_identification:_identify(.) by extensions ['colcon_pkg']
[0.173s] Level 1:colcon.colcon_core.package_identification:_identify(.) by extension 'colcon_pkg'
[0.173s] Level 1:colcon.colcon_core.package_identification:_identify(.) by extensions ['colcon_meta']
[0.173s] Level 1:colcon.colcon_core.package_identification:_identify(.) by extension 'colcon_meta'
[0.173s] Level 1:colcon.colcon_core.package_identification:_identify(.) by extensions ['ros']
[0.173s] Level 1:colcon.colcon_core.package_identification:_identify(.) by extension 'ros'
[0.181s] Level 1:colcon.colcon_core.package_identification:_identify(.) by extensions ['cmake', 'python']
[0.182s] Level 1:colcon.colcon_core.package_identification:_identify(.) by extension 'cmake'
[0.182s] Level 1:colcon.colcon_core.package_identification:_identify(.) by extension 'python'
[0.182s] Level 1:colcon.colcon_core.package_identification:_identify(.) by extensions ['python_setup_py']
[0.182s] Level 1:colcon.colcon_core.package_identification:_identify(.) by extension 'python_setup_py'
[0.182s] Level 1:colcon.colcon_core.package_identification:_identify(build) by extensions ['ignore', 'ignore_ament_install']
[0.182s] Level 1:colcon.colcon_core.package_identification:_identify(build) by extension 'ignore'
[0.182s] Level 1:colcon.colcon_core.package_identification:_identify(build) ignored
[0.182s] Level 1:colcon.colcon_core.package_identification:_identify(install) by extensions ['ignore', 'ignore_ament_install']
[0.182s] Level 1:colcon.colcon_core.package_identification:_identify(install) by extension 'ignore'
[0.182s] Level 1:colcon.colcon_core.package_identification:_identify(install) ignored
[0.182s] Level 1:colcon.colcon_core.package_identification:_identify(log) by extensions ['ignore', 'ignore_ament_install']
[0.182s] Level 1:colcon.colcon_core.package_identification:_identify(log) by extension 'ignore'
[0.182s] Level 1:colcon.colcon_core.package_identification:_identify(log) ignored
[0.182s] Level 1:colcon.colcon_core.package_identification:_identify(src) by extensions ['ignore', 'ignore_ament_install']
[0.182s] Level 1:colcon.colcon_core.package_identification:_identify(src) by extension 'ignore'
[0.182s] Level 1:colcon.colcon_core.package_identification:_identify(src) by extension 'ignore_ament_install'
[0.182s] Level 1:colcon.colcon_core.package_identification:_identify(src) by extensions ['colcon_pkg']
[0.183s] Level 1:colcon.colcon_core.package_identification:_identify(src) by extension 'colcon_pkg'
[0.183s] Level 1:colcon.colcon_core.package_identification:_identify(src) by extensions ['colcon_meta']
[0.183s] Level 1:colcon.colcon_core.package_identification:_identify(src) by extension 'colcon_meta'
[0.183s] Level 1:colcon.colcon_core.package_identification:_identify(src) by extensions ['ros']
[0.183s] Level 1:colcon.colcon_core.package_identification:_identify(src) by extension 'ros'
[0.183s] Level 1:colcon.colcon_core.package_identification:_identify(src) by extensions ['cmake', 'python']
[0.183s] Level 1:colcon.colcon_core.package_identification:_identify(src) by extension 'cmake'
[0.183s] Level 1:colcon.colcon_core.package_identification:_identify(src) by extension 'python'
[0.183s] Level 1:colcon.colcon_core.package_identification:_identify(src) by extensions ['python_setup_py']
[0.183s] Level 1:colcon.colcon_core.package_identification:_identify(src) by extension 'python_setup_py'
[0.183s] Level 1:colcon.colcon_core.package_identification:_identify(src/video_publisher) by extensions ['ignore', 'ignore_ament_install']
[0.183s] Level 1:colcon.colcon_core.package_identification:_identify(src/video_publisher) by extension 'ignore'
[0.183s] Level 1:colcon.colcon_core.package_identification:_identify(src/video_publisher) by extension 'ignore_ament_install'
[0.183s] Level 1:colcon.colcon_core.package_identification:_identify(src/video_publisher) by extensions ['colcon_pkg']
[0.183s] Level 1:colcon.colcon_core.package_identification:_identify(src/video_publisher) by extension 'colcon_pkg'
[0.183s] Level 1:colcon.colcon_core.package_identification:_identify(src/video_publisher) by extensions ['colcon_meta']
[0.183s] Level 1:colcon.colcon_core.package_identification:_identify(src/video_publisher) by extension 'colcon_meta'
[0.183s] Level 1:colcon.colcon_core.package_identification:_identify(src/video_publisher) by extensions ['ros']
[0.183s] Level 1:colcon.colcon_core.package_identification:_identify(src/video_publisher) by extension 'ros'
[0.185s] DEBUG:colcon.colcon_core.package_identification:Package 'src/video_publisher' with type 'ros.ament_cmake' and name 'video_publisher'
[0.185s] Level 1:colcon.colcon_core.package_identification:_identify(src/video_subscriber) by extensions ['ignore', 'ignore_ament_install']
[0.185s] Level 1:colcon.colcon_core.package_identification:_identify(src/video_subscriber) by extension 'ignore'
[0.185s] Level 1:colcon.colcon_core.package_identification:_identify(src/video_subscriber) by extension 'ignore_ament_install'
[0.185s] Level 1:colcon.colcon_core.package_identification:_identify(src/video_subscriber) by extensions ['colcon_pkg']
[0.185s] Level 1:colcon.colcon_core.package_identification:_identify(src/video_subscriber) by extension 'colcon_pkg'
[0.185s] Level 1:colcon.colcon_core.package_identification:_identify(src/video_subscriber) by extensions ['colcon_meta']
[0.185s] Level 1:colcon.colcon_core.package_identification:_identify(src/video_subscriber) by extension 'colcon_meta'
[0.185s] Level 1:colcon.colcon_core.package_identification:_identify(src/video_subscriber) by extensions ['ros']
[0.185s] Level 1:colcon.colcon_core.package_identification:_identify(src/video_subscriber) by extension 'ros'
[0.186s] DEBUG:colcon.colcon_core.package_identification:Package 'src/video_subscriber' with type 'ros.ament_cmake' and name 'video_subscriber'
[0.186s] Level 1:colcon.colcon_core.package_discovery:discover_packages(recursive) using defaults
[0.186s] Level 1:colcon.colcon_core.package_discovery:discover_packages(ignore) discover
[0.186s] Level 1:colcon.colcon_core.package_discovery:discover_packages(ignore) using defaults
[0.186s] Level 1:colcon.colcon_core.package_discovery:discover_packages(path) discover
[0.186s] Level 1:colcon.colcon_core.package_discovery:discover_packages(path) using defaults
[0.199s] INFO:colcon.colcon_core.package_selection:Skipping not selected package 'video_publisher' in 'src/video_publisher'
[0.200s] Level 1:colcon.colcon_core.package_discovery:discover_packages(prefix_path) check parameters
[0.200s] Level 1:colcon.colcon_core.package_discovery:discover_packages(prefix_path) discover
[0.202s] DEBUG:colcon.colcon_installed_package_information.package_discovery:Found 2 installed packages in /home/cw/opencv_learning/ArmorDetector_ros2/install
[0.202s] DEBUG:colcon.colcon_installed_package_information.package_discovery:Found 295 installed packages in /opt/ros/humble
[0.210s] Level 1:colcon.colcon_core.package_discovery:discover_packages(prefix_path) using defaults
[0.232s] Level 5:colcon.colcon_core.verb:set package 'video_subscriber' build argument 'cmake_args' from command line to 'None'
[0.232s] Level 5:colcon.colcon_core.verb:set package 'video_subscriber' build argument 'cmake_target' from command line to 'None'
[0.232s] Level 5:colcon.colcon_core.verb:set package 'video_subscriber' build argument 'cmake_target_skip_unavailable' from command line to 'False'
[0.232s] Level 5:colcon.colcon_core.verb:set package 'video_subscriber' build argument 'cmake_clean_cache' from command line to 'False'
[0.232s] Level 5:colcon.colcon_core.verb:set package 'video_subscriber' build argument 'cmake_clean_first' from command line to 'False'
[0.232s] Level 5:colcon.colcon_core.verb:set package 'video_subscriber' build argument 'cmake_force_configure' from command line to 'False'
[0.232s] Level 5:colcon.colcon_core.verb:set package 'video_subscriber' build argument 'ament_cmake_args' from command line to 'None'
[0.232s] Level 5:colcon.colcon_core.verb:set package 'video_subscriber' build argument 'catkin_cmake_args' from command line to 'None'
[0.232s] Level 5:colcon.colcon_core.verb:set package 'video_subscriber' build argument 'catkin_skip_building_tests' from command line to 'False'
[0.232s] DEBUG:colcon.colcon_core.verb:Building package 'video_subscriber' with the following arguments: {'ament_cmake_args': None, 'build_base': '/home/cw/opencv_learning/ArmorDetector_ros2/build/video_subscriber', 'catkin_cmake_args': None, 'catkin_skip_building_tests': False, 'cmake_args': None, 'cmake_clean_cache': False, 'cmake_clean_first': False, 'cmake_force_configure': False, 'cmake_target': None, 'cmake_target_skip_unavailable': False, 'install_base': '/home/cw/opencv_learning/ArmorDetector_ros2/install/video_subscriber', 'merge_install': False, 'path': '/home/cw/opencv_learning/ArmorDetector_ros2/src/video_subscriber', 'symlink_install': False, 'test_result_base': None}
[0.232s] INFO:colcon.colcon_core.executor:Executing jobs using 'parallel' executor
[0.233s] DEBUG:colcon.colcon_parallel_executor.executor.parallel:run_until_complete
[0.233s] INFO:colcon.colcon_ros.task.ament_cmake.build:Building ROS package in '/home/cw/opencv_learning/ArmorDetector_ros2/src/video_subscriber' with build type 'ament_cmake'
[0.233s] INFO:colcon.colcon_cmake.task.cmake.build:Building CMake package in '/home/cw/opencv_learning/ArmorDetector_ros2/src/video_subscriber'
[0.235s] INFO:colcon.colcon_core.plugin_system:Skipping extension 'colcon_core.shell.bat': Not used on non-Windows systems
[0.235s] INFO:colcon.colcon_core.shell:Skip shell extension 'powershell' for command environment: Not usable outside of PowerShell
[0.235s] DEBUG:colcon.colcon_core.shell:Skip shell extension 'dsv' for command environment
[0.242s] DEBUG:colcon.colcon_core.event_handler.log_command:Invoking command in '/home/cw/opencv_learning/ArmorDetector_ros2/build/video_subscriber': CMAKE_PREFIX_PATH=${CMAKE_PREFIX_PATH}:/opt/ros/humble /usr/bin/cmake --build /home/cw/opencv_learning/ArmorDetector_ros2/build/video_subscriber -- -j20 -l20
[6.239s] DEBUG:colcon.colcon_core.event_handler.log_command:Invoked command in '/home/cw/opencv_learning/ArmorDetector_ros2/build/video_subscriber' returned '0': CMAKE_PREFIX_PATH=${CMAKE_PREFIX_PATH}:/opt/ros/humble /usr/bin/cmake --build /home/cw/opencv_learning/ArmorDetector_ros2/build/video_subscriber -- -j20 -l20
[6.248s] DEBUG:colcon.colcon_core.event_handler.log_command:Invoking command in '/home/cw/opencv_learning/ArmorDetector_ros2/build/video_subscriber': CMAKE_PREFIX_PATH=${CMAKE_PREFIX_PATH}:/opt/ros/humble /usr/bin/cmake --install /home/cw/opencv_learning/ArmorDetector_ros2/build/video_subscriber
[6.259s] Level 1:colcon.colcon_core.environment:create_environment_scripts_only(video_subscriber)
[6.259s] DEBUG:colcon.colcon_core.event_handler.log_command:Invoked command in '/home/cw/opencv_learning/ArmorDetector_ros2/build/video_subscriber' returned '0': CMAKE_PREFIX_PATH=${CMAKE_PREFIX_PATH}:/opt/ros/humble /usr/bin/cmake --install /home/cw/opencv_learning/ArmorDetector_ros2/build/video_subscriber
[6.262s] Level 1:colcon.colcon_core.environment:checking '/home/cw/opencv_learning/ArmorDetector_ros2/install/video_subscriber' for CMake module files
[6.262s] Level 1:colcon.colcon_core.environment:checking '/home/cw/opencv_learning/ArmorDetector_ros2/install/video_subscriber' for CMake config files
[6.262s] Level 1:colcon.colcon_core.shell:create_environment_hook('video_subscriber', 'cmake_prefix_path')
[6.262s] INFO:colcon.colcon_core.shell:Creating environment hook '/home/cw/opencv_learning/ArmorDetector_ros2/install/video_subscriber/share/video_subscriber/hook/cmake_prefix_path.ps1'
[6.263s] INFO:colcon.colcon_core.shell:Creating environment descriptor '/home/cw/opencv_learning/ArmorDetector_ros2/install/video_subscriber/share/video_subscriber/hook/cmake_prefix_path.dsv'
[6.263s] INFO:colcon.colcon_core.shell:Creating environment hook '/home/cw/opencv_learning/ArmorDetector_ros2/install/video_subscriber/share/video_subscriber/hook/cmake_prefix_path.sh'
[6.264s] Level 1:colcon.colcon_core.environment:checking '/home/cw/opencv_learning/ArmorDetector_ros2/install/video_subscriber/lib'
[6.264s] Level 1:colcon.colcon_core.environment:checking '/home/cw/opencv_learning/ArmorDetector_ros2/install/video_subscriber/bin'
[6.264s] Level 1:colcon.colcon_core.environment:checking '/home/cw/opencv_learning/ArmorDetector_ros2/install/video_subscriber/lib/pkgconfig/video_subscriber.pc'
[6.264s] Level 1:colcon.colcon_core.environment:checking '/home/cw/opencv_learning/ArmorDetector_ros2/install/video_subscriber/lib/python3.10/site-packages'
[6.264s] Level 1:colcon.colcon_core.environment:checking '/home/cw/opencv_learning/ArmorDetector_ros2/install/video_subscriber/bin'
[6.264s] INFO:colcon.colcon_core.shell:Creating package script '/home/cw/opencv_learning/ArmorDetector_ros2/install/video_subscriber/share/video_subscriber/package.ps1'
[6.265s] INFO:colcon.colcon_core.shell:Creating package descriptor '/home/cw/opencv_learning/ArmorDetector_ros2/install/video_subscriber/share/video_subscriber/package.dsv'
[6.265s] INFO:colcon.colcon_core.shell:Creating package script '/home/cw/opencv_learning/ArmorDetector_ros2/install/video_subscriber/share/video_subscriber/package.sh'
[6.266s] INFO:colcon.colcon_core.shell:Creating package script '/home/cw/opencv_learning/ArmorDetector_ros2/install/video_subscriber/share/video_subscriber/package.bash'
[6.266s] INFO:colcon.colcon_core.shell:Creating package script '/home/cw/opencv_learning/ArmorDetector_ros2/install/video_subscriber/share/video_subscriber/package.zsh'
[6.267s] Level 1:colcon.colcon_core.environment:create_file_with_runtime_dependencies(/home/cw/opencv_learning/ArmorDetector_ros2/install/video_subscriber/share/colcon-core/packages/video_subscriber)
[6.267s] Level 1:colcon.colcon_core.environment:create_environment_scripts_only(video_subscriber)
[6.267s] Level 1:colcon.colcon_core.environment:checking '/home/cw/opencv_learning/ArmorDetector_ros2/install/video_subscriber' for CMake module files
[6.268s] Level 1:colcon.colcon_core.environment:checking '/home/cw/opencv_learning/ArmorDetector_ros2/install/video_subscriber' for CMake config files
[6.268s] Level 1:colcon.colcon_core.shell:create_environment_hook('video_subscriber', 'cmake_prefix_path')
[6.268s] INFO:colcon.colcon_core.shell:Creating environment hook '/home/cw/opencv_learning/ArmorDetector_ros2/install/video_subscriber/share/video_subscriber/hook/cmake_prefix_path.ps1'
[6.268s] INFO:colcon.colcon_core.shell:Creating environment descriptor '/home/cw/opencv_learning/ArmorDetector_ros2/install/video_subscriber/share/video_subscriber/hook/cmake_prefix_path.dsv'
[6.268s] INFO:colcon.colcon_core.shell:Creating environment hook '/home/cw/opencv_learning/ArmorDetector_ros2/install/video_subscriber/share/video_subscriber/hook/cmake_prefix_path.sh'
[6.268s] Level 1:colcon.colcon_core.environment:checking '/home/cw/opencv_learning/ArmorDetector_ros2/install/video_subscriber/lib'
[6.269s] Level 1:colcon.colcon_core.environment:checking '/home/cw/opencv_learning/ArmorDetector_ros2/install/video_subscriber/bin'
[6.269s] Level 1:colcon.colcon_core.environment:checking '/home/cw/opencv_learning/ArmorDetector_ros2/install/video_subscriber/lib/pkgconfig/video_subscriber.pc'
[6.269s] Level 1:colcon.colcon_core.environment:checking '/home/cw/opencv_learning/ArmorDetector_ros2/install/video_subscriber/lib/python3.10/site-packages'
[6.269s] Level 1:colcon.colcon_core.environment:checking '/home/cw/opencv_learning/ArmorDetector_ros2/install/video_subscriber/bin'
[6.269s] INFO:colcon.colcon_core.shell:Creating package script '/home/cw/opencv_learning/ArmorDetector_ros2/install/video_subscriber/share/video_subscriber/package.ps1'
[6.269s] INFO:colcon.colcon_core.shell:Creating package descriptor '/home/cw/opencv_learning/ArmorDetector_ros2/install/video_subscriber/share/video_subscriber/package.dsv'
[6.269s] INFO:colcon.colcon_core.shell:Creating package script '/home/cw/opencv_learning/ArmorDetector_ros2/install/video_subscriber/share/video_subscriber/package.sh'
[6.270s] INFO:colcon.colcon_core.shell:Creating package script '/home/cw/opencv_learning/ArmorDetector_ros2/install/video_subscriber/share/video_subscriber/package.bash'
[6.270s] INFO:colcon.colcon_core.shell:Creating package script '/home/cw/opencv_learning/ArmorDetector_ros2/install/video_subscriber/share/video_subscriber/package.zsh'
[6.270s] Level 1:colcon.colcon_core.environment:create_file_with_runtime_dependencies(/home/cw/opencv_learning/ArmorDetector_ros2/install/video_subscriber/share/colcon-core/packages/video_subscriber)
[6.270s] DEBUG:colcon.colcon_parallel_executor.executor.parallel:closing loop
[6.270s] DEBUG:colcon.colcon_parallel_executor.executor.parallel:loop closed
[6.270s] DEBUG:colcon.colcon_parallel_executor.executor.parallel:run_until_complete finished with '0'
[6.270s] DEBUG:colcon.colcon_core.event_reactor:joining thread
[6.273s] INFO:colcon.colcon_core.plugin_system:Skipping extension 'colcon_notification.desktop_notification.terminal_notifier': Not used on non-Darwin systems
[6.274s] INFO:colcon.colcon_core.plugin_system:Skipping extension 'colcon_notification.desktop_notification.win32': Not used on non-Windows systems
[6.274s] INFO:colcon.colcon_notification.desktop_notification:Sending desktop notification using 'notify2'
[6.282s] DEBUG:colcon.colcon_core.event_reactor:joined thread
[6.282s] INFO:colcon.colcon_core.shell:Creating prefix script '/home/cw/opencv_learning/ArmorDetector_ros2/install/local_setup.ps1'
[6.283s] INFO:colcon.colcon_core.shell:Creating prefix util module '/home/cw/opencv_learning/ArmorDetector_ros2/install/_local_setup_util_ps1.py'
[6.284s] INFO:colcon.colcon_core.shell:Creating prefix chain script '/home/cw/opencv_learning/ArmorDetector_ros2/install/setup.ps1'
[6.284s] INFO:colcon.colcon_core.shell:Creating prefix script '/home/cw/opencv_learning/ArmorDetector_ros2/install/local_setup.sh'
[6.285s] INFO:colcon.colcon_core.shell:Creating prefix util module '/home/cw/opencv_learning/ArmorDetector_ros2/install/_local_setup_util_sh.py'
[6.285s] INFO:colcon.colcon_core.shell:Creating prefix chain script '/home/cw/opencv_learning/ArmorDetector_ros2/install/setup.sh'
[6.286s] INFO:colcon.colcon_core.shell:Creating prefix script '/home/cw/opencv_learning/ArmorDetector_ros2/install/local_setup.bash'
[6.286s] INFO:colcon.colcon_core.shell:Creating prefix chain script '/home/cw/opencv_learning/ArmorDetector_ros2/install/setup.bash'
[6.286s] INFO:colcon.colcon_core.shell:Creating prefix script '/home/cw/opencv_learning/ArmorDetector_ros2/install/local_setup.zsh'
[6.287s] INFO:colcon.colcon_core.shell:Creating prefix chain script '/home/cw/opencv_learning/ArmorDetector_ros2/install/setup.zsh'
