-- Found ament_cmake: 1.3.12 (/opt/ros/humble/share/ament_cmake/cmake)
-- Found cv_bridge: 3.2.1 (/opt/ros/humble/share/cv_bridge/cmake)
-- Found rosidl_generator_c: 3.1.7 (/opt/ros/humble/share/rosidl_generator_c/cmake)
-- Found rosidl_adapter: 3.1.7 (/opt/ros/humble/share/rosidl_adapter/cmake)
-- Found rosidl_generator_cpp: 3.1.7 (/opt/ros/humble/share/rosidl_generator_cpp/cmake)
-- Using all available rosidl_typesupport_c: rosidl_typesupport_fastrtps_c;rosidl_typesupport_introspection_c
-- Using all available rosidl_typesupport_cpp: rosidl_typesupport_fastrtps_cpp;rosidl_typesupport_introspection_cpp
-- Found rclcpp: 16.0.14 (/opt/ros/humble/share/rclcpp/cmake)
-- Found rmw_implementation_cmake: 6.1.2 (/opt/ros/humble/share/rmw_implementation_cmake/cmake)
-- Found rmw_fastrtps_cpp: 6.2.8 (/opt/ros/humble/share/rmw_fastrtps_cpp/cmake)
-- Using RMW implementation 'rmw_fastrtps_cpp' as default
-- Found ament_lint_auto: 0.12.14 (/opt/ros/humble/share/ament_lint_auto/cmake)
-- Added test 'cppcheck' to perform static code analysis on C / C++ code
-- Configured cppcheck include dirs: 
-- Configured cppcheck exclude dirs and/or files: 
-- Added test 'lint_cmake' to check CMake code style
-- Added test 'uncrustify' to check C / C++ code style
-- Configured uncrustify additional arguments: 
-- Added test 'xmllint' to check XML markup files
-- Configuring done
-- Generating done
-- Build files have been written to: /home/cw/opencv_learning/ArmorDetector_ros2/build/video_publisher
[35m[1mConsolidate compiler generated dependencies of target talker[0m
[100%] Built target talker
-- Install configuration: ""
-- Up-to-date: /home/cw/opencv_learning/ArmorDetector_ros2/install/video_publisher/lib/video_publisher/talker
-- Installing: /home/cw/opencv_learning/ArmorDetector_ros2/install/video_publisher/share/ament_index/resource_index/package_run_dependencies/video_publisher
-- Installing: /home/cw/opencv_learning/ArmorDetector_ros2/install/video_publisher/share/ament_index/resource_index/parent_prefix_path/video_publisher
-- Installing: /home/cw/opencv_learning/ArmorDetector_ros2/install/video_publisher/share/video_publisher/environment/ament_prefix_path.sh
-- Installing: /home/cw/opencv_learning/ArmorDetector_ros2/install/video_publisher/share/video_publisher/environment/ament_prefix_path.dsv
-- Installing: /home/cw/opencv_learning/ArmorDetector_ros2/install/video_publisher/share/video_publisher/environment/path.sh
-- Installing: /home/cw/opencv_learning/ArmorDetector_ros2/install/video_publisher/share/video_publisher/environment/path.dsv
-- Installing: /home/cw/opencv_learning/ArmorDetector_ros2/install/video_publisher/share/video_publisher/local_setup.bash
-- Installing: /home/cw/opencv_learning/ArmorDetector_ros2/install/video_publisher/share/video_publisher/local_setup.sh
-- Installing: /home/cw/opencv_learning/ArmorDetector_ros2/install/video_publisher/share/video_publisher/local_setup.zsh
-- Installing: /home/cw/opencv_learning/ArmorDetector_ros2/install/video_publisher/share/video_publisher/local_setup.dsv
-- Installing: /home/cw/opencv_learning/ArmorDetector_ros2/install/video_publisher/share/video_publisher/package.dsv
-- Installing: /home/cw/opencv_learning/ArmorDetector_ros2/install/video_publisher/share/ament_index/resource_index/packages/video_publisher
-- Installing: /home/cw/opencv_learning/ArmorDetector_ros2/install/video_publisher/share/video_publisher/cmake/video_publisherConfig.cmake
-- Installing: /home/cw/opencv_learning/ArmorDetector_ros2/install/video_publisher/share/video_publisher/cmake/video_publisherConfig-version.cmake
-- Installing: /home/cw/opencv_learning/ArmorDetector_ros2/install/video_publisher/share/video_publisher/package.xml
