[0.006s] Invoking command in '/home/cw/opencv_learning/ArmorDetector_ros2/build/video_publisher': CMAKE_PREFIX_PATH=/opt/ros/humble /usr/bin/cmake /home/cw/opencv_learning/ArmorDetector_ros2/src/video_publisher -DCMAKE_INSTALL_PREFIX=/home/cw/opencv_learning/ArmorDetector_ros2/install/video_publisher
[0.045s] -- The C compiler identification is GNU 11.4.0
[0.083s] -- The CXX compiler identification is GNU 11.4.0
[0.088s] -- Detecting C compiler ABI info
[0.138s] -- Detecting C compiler ABI info - done
[0.142s] -- Check for working C compiler: /usr/bin/cc - skipped
[0.143s] -- Detecting C compile features
[0.143s] -- Detecting C compile features - done
[0.145s] -- Detecting CXX compiler ABI info
[0.206s] -- Detecting CXX compiler ABI info - done
[0.211s] -- Check for working CXX compiler: /usr/bin/c++ - skipped
[0.211s] -- Detecting CXX compile features
[0.212s] -- Detecting CXX compile features - done
[0.213s] -- Found ament_cmake: 1.3.12 (/opt/ros/humble/share/ament_cmake/cmake)
[0.315s] -- Found Python3: /usr/bin/python3 (found version "3.10.12") found components: Interpreter 
[0.376s] -- Found OpenCV: /usr (found version "4.5.4") 
[0.377s] -- Found cv_bridge: 3.2.1 (/opt/ros/humble/share/cv_bridge/cmake)
[0.397s] -- Found rosidl_generator_c: 3.1.7 (/opt/ros/humble/share/rosidl_generator_c/cmake)
[0.399s] -- Found rosidl_adapter: 3.1.7 (/opt/ros/humble/share/rosidl_adapter/cmake)
[0.403s] -- Found rosidl_generator_cpp: 3.1.7 (/opt/ros/humble/share/rosidl_generator_cpp/cmake)
[0.410s] -- Using all available rosidl_typesupport_c: rosidl_typesupport_fastrtps_c;rosidl_typesupport_introspection_c
[0.419s] -- Using all available rosidl_typesupport_cpp: rosidl_typesupport_fastrtps_cpp;rosidl_typesupport_introspection_cpp
[0.456s] -- Found rclcpp: 16.0.14 (/opt/ros/humble/share/rclcpp/cmake)
[0.476s] -- Found rmw_implementation_cmake: 6.1.2 (/opt/ros/humble/share/rmw_implementation_cmake/cmake)
[0.477s] -- Found rmw_fastrtps_cpp: 6.2.8 (/opt/ros/humble/share/rmw_fastrtps_cpp/cmake)
[0.536s] -- Found OpenSSL: /usr/lib/x86_64-linux-gnu/libcrypto.so (found version "3.0.2")  
[0.555s] -- Found FastRTPS: /opt/ros/humble/include  
[0.582s] -- Using RMW implementation 'rmw_fastrtps_cpp' as default
[0.588s] -- Looking for pthread.h
[0.646s] -- Looking for pthread.h - found
[0.647s] -- Performing Test CMAKE_HAVE_LIBC_PTHREAD
[0.711s] -- Performing Test CMAKE_HAVE_LIBC_PTHREAD - Success
[0.712s] -- Found Threads: TRUE  
[0.736s] -- Found ament_lint_auto: 0.12.14 (/opt/ros/humble/share/ament_lint_auto/cmake)
[0.786s] -- Added test 'cppcheck' to perform static code analysis on C / C++ code
[0.787s] -- Configured cppcheck include dirs: 
[0.787s] -- Configured cppcheck exclude dirs and/or files: 
[0.787s] -- Added test 'lint_cmake' to check CMake code style
[0.787s] -- Added test 'uncrustify' to check C / C++ code style
[0.787s] -- Configured uncrustify additional arguments: 
[0.787s] -- Added test 'xmllint' to check XML markup files
[0.788s] -- Configuring done
[0.795s] -- Generating done
[0.798s] -- Build files have been written to: /home/cw/opencv_learning/ArmorDetector_ros2/build/video_publisher
[0.806s] Invoked command in '/home/cw/opencv_learning/ArmorDetector_ros2/build/video_publisher' returned '0': CMAKE_PREFIX_PATH=/opt/ros/humble /usr/bin/cmake /home/cw/opencv_learning/ArmorDetector_ros2/src/video_publisher -DCMAKE_INSTALL_PREFIX=/home/cw/opencv_learning/ArmorDetector_ros2/install/video_publisher
[0.806s] Invoking command in '/home/cw/opencv_learning/ArmorDetector_ros2/build/video_publisher': CMAKE_PREFIX_PATH=/opt/ros/humble /usr/bin/cmake --build /home/cw/opencv_learning/ArmorDetector_ros2/build/video_publisher -- -j20 -l20
[0.847s] [ 50%] [32mBuilding CXX object CMakeFiles/talker.dir/src/publisher_video.cpp.o[0m
[4.262s] [100%] [32m[1mLinking CXX executable talker[0m
[4.575s] [100%] Built target talker
[4.585s] Invoked command in '/home/cw/opencv_learning/ArmorDetector_ros2/build/video_publisher' returned '0': CMAKE_PREFIX_PATH=/opt/ros/humble /usr/bin/cmake --build /home/cw/opencv_learning/ArmorDetector_ros2/build/video_publisher -- -j20 -l20
[4.594s] Invoking command in '/home/cw/opencv_learning/ArmorDetector_ros2/build/video_publisher': CMAKE_PREFIX_PATH=/opt/ros/humble /usr/bin/cmake --install /home/cw/opencv_learning/ArmorDetector_ros2/build/video_publisher
[4.600s] -- Install configuration: ""
[4.600s] -- Installing: /home/cw/opencv_learning/ArmorDetector_ros2/install/video_publisher/lib/video_publisher/talker
[4.601s] [31mCMake Error at cmake_install.cmake:66 (file):
[4.601s]   file INSTALL cannot find
[4.601s]   "/home/cw/opencv_learning/ArmorDetector_ros2/src/video_publisher/launch":
[4.601s]   No such file or directory.
[4.601s] 
[4.602s] [0m
[4.602s] -- Set runtime path of "/home/cw/opencv_learning/ArmorDetector_ros2/install/video_publisher/lib/video_publisher/talker" to ""
[4.602s] Invoked command in '/home/cw/opencv_learning/ArmorDetector_ros2/build/video_publisher' returned '1': CMAKE_PREFIX_PATH=/opt/ros/humble /usr/bin/cmake --install /home/cw/opencv_learning/ArmorDetector_ros2/build/video_publisher
