[0.061s] DEBUG:colcon:Command line arguments: ['/usr/bin/colcon', 'build', '--packages-select', 'video_subscriber']
[0.061s] DEBUG:colcon:Parsed command line arguments: Namespace(log_base=None, log_level=None, verb_name='build', build_base='build', install_base='install', merge_install=False, symlink_install=False, test_result_base=None, continue_on_error=False, executor='parallel', parallel_workers=20, event_handlers=None, ignore_user_meta=False, metas=['./colcon.meta'], base_paths=['.'], packages_ignore=None, packages_ignore_regex=None, paths=None, packages_up_to=None, packages_up_to_regex=None, packages_above=None, packages_above_and_dependencies=None, packages_above_depth=None, packages_select_by_dep=None, packages_skip_by_dep=None, packages_skip_up_to=None, packages_select_build_failed=False, packages_skip_build_finished=False, packages_select_test_failures=False, packages_skip_test_passed=False, packages_select=['video_subscriber'], packages_skip=None, packages_select_regex=None, packages_skip_regex=None, packages_start=None, packages_end=None, allow_overriding=[], cmake_args=None, cmake_target=None, cmake_target_skip_unavailable=False, cmake_clean_cache=False, cmake_clean_first=False, cmake_force_configure=False, ament_cmake_args=None, catkin_cmake_args=None, catkin_skip_building_tests=False, verb_parser=<colcon_defaults.argument_parser.defaults.DefaultArgumentsDecorator object at 0x75c127d07c10>, verb_extension=<colcon_core.verb.build.BuildVerb object at 0x75c127ed5270>, main=<bound method BuildVerb.main of <colcon_core.verb.build.BuildVerb object at 0x75c127ed5270>>)
[0.153s] Level 1:colcon.colcon_core.package_discovery:discover_packages(colcon_meta) check parameters
[0.153s] Level 1:colcon.colcon_core.package_discovery:discover_packages(recursive) check parameters
[0.153s] Level 1:colcon.colcon_core.package_discovery:discover_packages(ignore) check parameters
[0.153s] Level 1:colcon.colcon_core.package_discovery:discover_packages(path) check parameters
[0.153s] Level 1:colcon.colcon_core.package_discovery:discover_packages(colcon_meta) discover
[0.153s] Level 1:colcon.colcon_core.package_discovery:discover_packages(recursive) discover
[0.153s] INFO:colcon.colcon_core.package_discovery:Crawling recursively for packages in '/home/cw/opencv_learning/ArmorDetector_ros2'
[0.153s] Level 1:colcon.colcon_core.package_identification:_identify(.) by extensions ['ignore', 'ignore_ament_install']
[0.153s] Level 1:colcon.colcon_core.package_identification:_identify(.) by extension 'ignore'
[0.154s] Level 1:colcon.colcon_core.package_identification:_identify(.) by extension 'ignore_ament_install'
[0.154s] Level 1:colcon.colcon_core.package_identification:_identify(.) by extensions ['colcon_pkg']
[0.154s] Level 1:colcon.colcon_core.package_identification:_identify(.) by extension 'colcon_pkg'
[0.154s] Level 1:colcon.colcon_core.package_identification:_identify(.) by extensions ['colcon_meta']
[0.154s] Level 1:colcon.colcon_core.package_identification:_identify(.) by extension 'colcon_meta'
[0.154s] Level 1:colcon.colcon_core.package_identification:_identify(.) by extensions ['ros']
[0.154s] Level 1:colcon.colcon_core.package_identification:_identify(.) by extension 'ros'
[0.161s] Level 1:colcon.colcon_core.package_identification:_identify(.) by extensions ['cmake', 'python']
[0.161s] Level 1:colcon.colcon_core.package_identification:_identify(.) by extension 'cmake'
[0.161s] Level 1:colcon.colcon_core.package_identification:_identify(.) by extension 'python'
[0.161s] Level 1:colcon.colcon_core.package_identification:_identify(.) by extensions ['python_setup_py']
[0.161s] Level 1:colcon.colcon_core.package_identification:_identify(.) by extension 'python_setup_py'
[0.161s] Level 1:colcon.colcon_core.package_identification:_identify(build) by extensions ['ignore', 'ignore_ament_install']
[0.161s] Level 1:colcon.colcon_core.package_identification:_identify(build) by extension 'ignore'
[0.161s] Level 1:colcon.colcon_core.package_identification:_identify(build) ignored
[0.161s] Level 1:colcon.colcon_core.package_identification:_identify(install) by extensions ['ignore', 'ignore_ament_install']
[0.161s] Level 1:colcon.colcon_core.package_identification:_identify(install) by extension 'ignore'
[0.161s] Level 1:colcon.colcon_core.package_identification:_identify(install) ignored
[0.161s] Level 1:colcon.colcon_core.package_identification:_identify(log) by extensions ['ignore', 'ignore_ament_install']
[0.161s] Level 1:colcon.colcon_core.package_identification:_identify(log) by extension 'ignore'
[0.161s] Level 1:colcon.colcon_core.package_identification:_identify(log) ignored
[0.161s] Level 1:colcon.colcon_core.package_identification:_identify(src) by extensions ['ignore', 'ignore_ament_install']
[0.161s] Level 1:colcon.colcon_core.package_identification:_identify(src) by extension 'ignore'
[0.161s] Level 1:colcon.colcon_core.package_identification:_identify(src) by extension 'ignore_ament_install'
[0.161s] Level 1:colcon.colcon_core.package_identification:_identify(src) by extensions ['colcon_pkg']
[0.161s] Level 1:colcon.colcon_core.package_identification:_identify(src) by extension 'colcon_pkg'
[0.161s] Level 1:colcon.colcon_core.package_identification:_identify(src) by extensions ['colcon_meta']
[0.161s] Level 1:colcon.colcon_core.package_identification:_identify(src) by extension 'colcon_meta'
[0.161s] Level 1:colcon.colcon_core.package_identification:_identify(src) by extensions ['ros']
[0.161s] Level 1:colcon.colcon_core.package_identification:_identify(src) by extension 'ros'
[0.161s] Level 1:colcon.colcon_core.package_identification:_identify(src) by extensions ['cmake', 'python']
[0.161s] Level 1:colcon.colcon_core.package_identification:_identify(src) by extension 'cmake'
[0.161s] Level 1:colcon.colcon_core.package_identification:_identify(src) by extension 'python'
[0.162s] Level 1:colcon.colcon_core.package_identification:_identify(src) by extensions ['python_setup_py']
[0.162s] Level 1:colcon.colcon_core.package_identification:_identify(src) by extension 'python_setup_py'
[0.162s] Level 1:colcon.colcon_core.package_identification:_identify(src/video_publisher) by extensions ['ignore', 'ignore_ament_install']
[0.162s] Level 1:colcon.colcon_core.package_identification:_identify(src/video_publisher) by extension 'ignore'
[0.162s] Level 1:colcon.colcon_core.package_identification:_identify(src/video_publisher) by extension 'ignore_ament_install'
[0.162s] Level 1:colcon.colcon_core.package_identification:_identify(src/video_publisher) by extensions ['colcon_pkg']
[0.162s] Level 1:colcon.colcon_core.package_identification:_identify(src/video_publisher) by extension 'colcon_pkg'
[0.162s] Level 1:colcon.colcon_core.package_identification:_identify(src/video_publisher) by extensions ['colcon_meta']
[0.162s] Level 1:colcon.colcon_core.package_identification:_identify(src/video_publisher) by extension 'colcon_meta'
[0.162s] Level 1:colcon.colcon_core.package_identification:_identify(src/video_publisher) by extensions ['ros']
[0.162s] Level 1:colcon.colcon_core.package_identification:_identify(src/video_publisher) by extension 'ros'
[0.163s] DEBUG:colcon.colcon_core.package_identification:Package 'src/video_publisher' with type 'ros.ament_cmake' and name 'video_publisher'
[0.164s] Level 1:colcon.colcon_core.package_identification:_identify(src/video_subscriber) by extensions ['ignore', 'ignore_ament_install']
[0.164s] Level 1:colcon.colcon_core.package_identification:_identify(src/video_subscriber) by extension 'ignore'
[0.164s] Level 1:colcon.colcon_core.package_identification:_identify(src/video_subscriber) by extension 'ignore_ament_install'
[0.164s] Level 1:colcon.colcon_core.package_identification:_identify(src/video_subscriber) by extensions ['colcon_pkg']
[0.164s] Level 1:colcon.colcon_core.package_identification:_identify(src/video_subscriber) by extension 'colcon_pkg'
[0.164s] Level 1:colcon.colcon_core.package_identification:_identify(src/video_subscriber) by extensions ['colcon_meta']
[0.164s] Level 1:colcon.colcon_core.package_identification:_identify(src/video_subscriber) by extension 'colcon_meta'
[0.164s] Level 1:colcon.colcon_core.package_identification:_identify(src/video_subscriber) by extensions ['ros']
[0.164s] Level 1:colcon.colcon_core.package_identification:_identify(src/video_subscriber) by extension 'ros'
[0.164s] DEBUG:colcon.colcon_core.package_identification:Package 'src/video_subscriber' with type 'ros.ament_cmake' and name 'video_subscriber'
[0.164s] Level 1:colcon.colcon_core.package_discovery:discover_packages(recursive) using defaults
[0.164s] Level 1:colcon.colcon_core.package_discovery:discover_packages(ignore) discover
[0.164s] Level 1:colcon.colcon_core.package_discovery:discover_packages(ignore) using defaults
[0.164s] Level 1:colcon.colcon_core.package_discovery:discover_packages(path) discover
[0.164s] Level 1:colcon.colcon_core.package_discovery:discover_packages(path) using defaults
[0.176s] INFO:colcon.colcon_core.package_selection:Skipping not selected package 'video_publisher' in 'src/video_publisher'
[0.176s] Level 1:colcon.colcon_core.package_discovery:discover_packages(prefix_path) check parameters
[0.177s] Level 1:colcon.colcon_core.package_discovery:discover_packages(prefix_path) discover
[0.179s] DEBUG:colcon.colcon_installed_package_information.package_discovery:Found 295 installed packages in /opt/ros/humble
[0.185s] Level 1:colcon.colcon_core.package_discovery:discover_packages(prefix_path) using defaults
[0.206s] Level 5:colcon.colcon_core.verb:set package 'video_subscriber' build argument 'cmake_args' from command line to 'None'
[0.206s] Level 5:colcon.colcon_core.verb:set package 'video_subscriber' build argument 'cmake_target' from command line to 'None'
[0.206s] Level 5:colcon.colcon_core.verb:set package 'video_subscriber' build argument 'cmake_target_skip_unavailable' from command line to 'False'
[0.206s] Level 5:colcon.colcon_core.verb:set package 'video_subscriber' build argument 'cmake_clean_cache' from command line to 'False'
[0.206s] Level 5:colcon.colcon_core.verb:set package 'video_subscriber' build argument 'cmake_clean_first' from command line to 'False'
[0.206s] Level 5:colcon.colcon_core.verb:set package 'video_subscriber' build argument 'cmake_force_configure' from command line to 'False'
[0.206s] Level 5:colcon.colcon_core.verb:set package 'video_subscriber' build argument 'ament_cmake_args' from command line to 'None'
[0.206s] Level 5:colcon.colcon_core.verb:set package 'video_subscriber' build argument 'catkin_cmake_args' from command line to 'None'
[0.206s] Level 5:colcon.colcon_core.verb:set package 'video_subscriber' build argument 'catkin_skip_building_tests' from command line to 'False'
[0.206s] DEBUG:colcon.colcon_core.verb:Building package 'video_subscriber' with the following arguments: {'ament_cmake_args': None, 'build_base': '/home/cw/opencv_learning/ArmorDetector_ros2/build/video_subscriber', 'catkin_cmake_args': None, 'catkin_skip_building_tests': False, 'cmake_args': None, 'cmake_clean_cache': False, 'cmake_clean_first': False, 'cmake_force_configure': False, 'cmake_target': None, 'cmake_target_skip_unavailable': False, 'install_base': '/home/cw/opencv_learning/ArmorDetector_ros2/install/video_subscriber', 'merge_install': False, 'path': '/home/cw/opencv_learning/ArmorDetector_ros2/src/video_subscriber', 'symlink_install': False, 'test_result_base': None}
[0.207s] INFO:colcon.colcon_core.executor:Executing jobs using 'parallel' executor
[0.207s] DEBUG:colcon.colcon_parallel_executor.executor.parallel:run_until_complete
[0.207s] INFO:colcon.colcon_ros.task.ament_cmake.build:Building ROS package in '/home/cw/opencv_learning/ArmorDetector_ros2/src/video_subscriber' with build type 'ament_cmake'
[0.208s] INFO:colcon.colcon_cmake.task.cmake.build:Building CMake package in '/home/cw/opencv_learning/ArmorDetector_ros2/src/video_subscriber'
[0.209s] INFO:colcon.colcon_core.plugin_system:Skipping extension 'colcon_core.shell.bat': Not used on non-Windows systems
[0.209s] INFO:colcon.colcon_core.shell:Skip shell extension 'powershell' for command environment: Not usable outside of PowerShell
[0.209s] DEBUG:colcon.colcon_core.shell:Skip shell extension 'dsv' for command environment
[0.216s] DEBUG:colcon.colcon_core.event_handler.log_command:Invoking command in '/home/cw/opencv_learning/ArmorDetector_ros2/build/video_subscriber': CMAKE_PREFIX_PATH=/opt/ros/humble /usr/bin/cmake /home/cw/opencv_learning/ArmorDetector_ros2/src/video_subscriber -DCMAKE_INSTALL_PREFIX=/home/cw/opencv_learning/ArmorDetector_ros2/install/video_subscriber
[1.011s] DEBUG:colcon.colcon_core.event_handler.log_command:Invoked command in '/home/cw/opencv_learning/ArmorDetector_ros2/build/video_subscriber' returned '0': CMAKE_PREFIX_PATH=/opt/ros/humble /usr/bin/cmake /home/cw/opencv_learning/ArmorDetector_ros2/src/video_subscriber -DCMAKE_INSTALL_PREFIX=/home/cw/opencv_learning/ArmorDetector_ros2/install/video_subscriber
[1.011s] DEBUG:colcon.colcon_core.event_handler.log_command:Invoking command in '/home/cw/opencv_learning/ArmorDetector_ros2/build/video_subscriber': CMAKE_PREFIX_PATH=/opt/ros/humble /usr/bin/cmake --build /home/cw/opencv_learning/ArmorDetector_ros2/build/video_subscriber -- -j20 -l20
[7.174s] DEBUG:colcon.colcon_core.event_handler.log_command:Invoked command in '/home/cw/opencv_learning/ArmorDetector_ros2/build/video_subscriber' returned '0': CMAKE_PREFIX_PATH=/opt/ros/humble /usr/bin/cmake --build /home/cw/opencv_learning/ArmorDetector_ros2/build/video_subscriber -- -j20 -l20
[7.181s] DEBUG:colcon.colcon_core.event_handler.log_command:Invoking command in '/home/cw/opencv_learning/ArmorDetector_ros2/build/video_subscriber': CMAKE_PREFIX_PATH=/opt/ros/humble /usr/bin/cmake --install /home/cw/opencv_learning/ArmorDetector_ros2/build/video_subscriber
[7.189s] Level 1:colcon.colcon_core.environment:create_environment_scripts_only(video_subscriber)
[7.190s] DEBUG:colcon.colcon_core.event_handler.log_command:Invoked command in '/home/cw/opencv_learning/ArmorDetector_ros2/build/video_subscriber' returned '0': CMAKE_PREFIX_PATH=/opt/ros/humble /usr/bin/cmake --install /home/cw/opencv_learning/ArmorDetector_ros2/build/video_subscriber
[7.191s] Level 1:colcon.colcon_core.environment:checking '/home/cw/opencv_learning/ArmorDetector_ros2/install/video_subscriber' for CMake module files
[7.191s] Level 1:colcon.colcon_core.environment:checking '/home/cw/opencv_learning/ArmorDetector_ros2/install/video_subscriber' for CMake config files
[7.191s] Level 1:colcon.colcon_core.shell:create_environment_hook('video_subscriber', 'cmake_prefix_path')
[7.191s] INFO:colcon.colcon_core.shell:Creating environment hook '/home/cw/opencv_learning/ArmorDetector_ros2/install/video_subscriber/share/video_subscriber/hook/cmake_prefix_path.ps1'
[7.192s] INFO:colcon.colcon_core.shell:Creating environment descriptor '/home/cw/opencv_learning/ArmorDetector_ros2/install/video_subscriber/share/video_subscriber/hook/cmake_prefix_path.dsv'
[7.192s] INFO:colcon.colcon_core.shell:Creating environment hook '/home/cw/opencv_learning/ArmorDetector_ros2/install/video_subscriber/share/video_subscriber/hook/cmake_prefix_path.sh'
[7.193s] Level 1:colcon.colcon_core.environment:checking '/home/cw/opencv_learning/ArmorDetector_ros2/install/video_subscriber/lib'
[7.193s] Level 1:colcon.colcon_core.environment:checking '/home/cw/opencv_learning/ArmorDetector_ros2/install/video_subscriber/bin'
[7.193s] Level 1:colcon.colcon_core.environment:checking '/home/cw/opencv_learning/ArmorDetector_ros2/install/video_subscriber/lib/pkgconfig/video_subscriber.pc'
[7.193s] Level 1:colcon.colcon_core.environment:checking '/home/cw/opencv_learning/ArmorDetector_ros2/install/video_subscriber/lib/python3.10/site-packages'
[7.193s] Level 1:colcon.colcon_core.environment:checking '/home/cw/opencv_learning/ArmorDetector_ros2/install/video_subscriber/bin'
[7.193s] INFO:colcon.colcon_core.shell:Creating package script '/home/cw/opencv_learning/ArmorDetector_ros2/install/video_subscriber/share/video_subscriber/package.ps1'
[7.194s] INFO:colcon.colcon_core.shell:Creating package descriptor '/home/cw/opencv_learning/ArmorDetector_ros2/install/video_subscriber/share/video_subscriber/package.dsv'
[7.194s] INFO:colcon.colcon_core.shell:Creating package script '/home/cw/opencv_learning/ArmorDetector_ros2/install/video_subscriber/share/video_subscriber/package.sh'
[7.194s] INFO:colcon.colcon_core.shell:Creating package script '/home/cw/opencv_learning/ArmorDetector_ros2/install/video_subscriber/share/video_subscriber/package.bash'
[7.195s] INFO:colcon.colcon_core.shell:Creating package script '/home/cw/opencv_learning/ArmorDetector_ros2/install/video_subscriber/share/video_subscriber/package.zsh'
[7.195s] Level 1:colcon.colcon_core.environment:create_file_with_runtime_dependencies(/home/cw/opencv_learning/ArmorDetector_ros2/install/video_subscriber/share/colcon-core/packages/video_subscriber)
[7.195s] Level 1:colcon.colcon_core.environment:create_environment_scripts_only(video_subscriber)
[7.196s] Level 1:colcon.colcon_core.environment:checking '/home/cw/opencv_learning/ArmorDetector_ros2/install/video_subscriber' for CMake module files
[7.196s] Level 1:colcon.colcon_core.environment:checking '/home/cw/opencv_learning/ArmorDetector_ros2/install/video_subscriber' for CMake config files
[7.196s] Level 1:colcon.colcon_core.shell:create_environment_hook('video_subscriber', 'cmake_prefix_path')
[7.196s] INFO:colcon.colcon_core.shell:Creating environment hook '/home/cw/opencv_learning/ArmorDetector_ros2/install/video_subscriber/share/video_subscriber/hook/cmake_prefix_path.ps1'
[7.196s] INFO:colcon.colcon_core.shell:Creating environment descriptor '/home/cw/opencv_learning/ArmorDetector_ros2/install/video_subscriber/share/video_subscriber/hook/cmake_prefix_path.dsv'
[7.196s] INFO:colcon.colcon_core.shell:Creating environment hook '/home/cw/opencv_learning/ArmorDetector_ros2/install/video_subscriber/share/video_subscriber/hook/cmake_prefix_path.sh'
[7.197s] Level 1:colcon.colcon_core.environment:checking '/home/cw/opencv_learning/ArmorDetector_ros2/install/video_subscriber/lib'
[7.197s] Level 1:colcon.colcon_core.environment:checking '/home/cw/opencv_learning/ArmorDetector_ros2/install/video_subscriber/bin'
[7.197s] Level 1:colcon.colcon_core.environment:checking '/home/cw/opencv_learning/ArmorDetector_ros2/install/video_subscriber/lib/pkgconfig/video_subscriber.pc'
[7.197s] Level 1:colcon.colcon_core.environment:checking '/home/cw/opencv_learning/ArmorDetector_ros2/install/video_subscriber/lib/python3.10/site-packages'
[7.197s] Level 1:colcon.colcon_core.environment:checking '/home/cw/opencv_learning/ArmorDetector_ros2/install/video_subscriber/bin'
[7.197s] INFO:colcon.colcon_core.shell:Creating package script '/home/cw/opencv_learning/ArmorDetector_ros2/install/video_subscriber/share/video_subscriber/package.ps1'
[7.198s] INFO:colcon.colcon_core.shell:Creating package descriptor '/home/cw/opencv_learning/ArmorDetector_ros2/install/video_subscriber/share/video_subscriber/package.dsv'
[7.198s] INFO:colcon.colcon_core.shell:Creating package script '/home/cw/opencv_learning/ArmorDetector_ros2/install/video_subscriber/share/video_subscriber/package.sh'
[7.198s] INFO:colcon.colcon_core.shell:Creating package script '/home/cw/opencv_learning/ArmorDetector_ros2/install/video_subscriber/share/video_subscriber/package.bash'
[7.198s] INFO:colcon.colcon_core.shell:Creating package script '/home/cw/opencv_learning/ArmorDetector_ros2/install/video_subscriber/share/video_subscriber/package.zsh'
[7.199s] Level 1:colcon.colcon_core.environment:create_file_with_runtime_dependencies(/home/cw/opencv_learning/ArmorDetector_ros2/install/video_subscriber/share/colcon-core/packages/video_subscriber)
[7.199s] DEBUG:colcon.colcon_parallel_executor.executor.parallel:closing loop
[7.199s] DEBUG:colcon.colcon_parallel_executor.executor.parallel:loop closed
[7.199s] DEBUG:colcon.colcon_parallel_executor.executor.parallel:run_until_complete finished with '0'
[7.199s] DEBUG:colcon.colcon_core.event_reactor:joining thread
[7.202s] INFO:colcon.colcon_core.plugin_system:Skipping extension 'colcon_notification.desktop_notification.terminal_notifier': Not used on non-Darwin systems
[7.202s] INFO:colcon.colcon_core.plugin_system:Skipping extension 'colcon_notification.desktop_notification.win32': Not used on non-Windows systems
[7.202s] INFO:colcon.colcon_notification.desktop_notification:Sending desktop notification using 'notify2'
[7.210s] DEBUG:colcon.colcon_core.event_reactor:joined thread
[7.210s] INFO:colcon.colcon_core.shell:Creating prefix script '/home/cw/opencv_learning/ArmorDetector_ros2/install/local_setup.ps1'
[7.211s] INFO:colcon.colcon_core.shell:Creating prefix util module '/home/cw/opencv_learning/ArmorDetector_ros2/install/_local_setup_util_ps1.py'
[7.211s] INFO:colcon.colcon_core.shell:Creating prefix chain script '/home/cw/opencv_learning/ArmorDetector_ros2/install/setup.ps1'
[7.212s] INFO:colcon.colcon_core.shell:Creating prefix script '/home/cw/opencv_learning/ArmorDetector_ros2/install/local_setup.sh'
[7.212s] INFO:colcon.colcon_core.shell:Creating prefix util module '/home/cw/opencv_learning/ArmorDetector_ros2/install/_local_setup_util_sh.py'
[7.213s] INFO:colcon.colcon_core.shell:Creating prefix chain script '/home/cw/opencv_learning/ArmorDetector_ros2/install/setup.sh'
[7.213s] INFO:colcon.colcon_core.shell:Creating prefix script '/home/cw/opencv_learning/ArmorDetector_ros2/install/local_setup.bash'
[7.213s] INFO:colcon.colcon_core.shell:Creating prefix chain script '/home/cw/opencv_learning/ArmorDetector_ros2/install/setup.bash'
[7.214s] INFO:colcon.colcon_core.shell:Creating prefix script '/home/cw/opencv_learning/ArmorDetector_ros2/install/local_setup.zsh'
[7.214s] INFO:colcon.colcon_core.shell:Creating prefix chain script '/home/cw/opencv_learning/ArmorDetector_ros2/install/setup.zsh'
